<?xml version="1.0" encoding="UTF-8"?>
<!-- Generated by org.testng.reporters.JUnitXMLReporter -->
<testsuite ignored="15" hostname="Nareshreddy" failures="0" tests="6" name="Test" time="172.589" errors="0" timestamp="2022-05-13T16:22:47 IST">
  <testcase classname="com.testcases.Indexpagetest" name="verifyTitle" time="1.855"/>
  <testcase classname="com.testcases.Indexpagetest" name="verifylogo" time="3.24"/>
  <testcase classname="com.testcases.HomePageTest" name="verifyWhishList" time="38.642"/>
  <testcase classname="com.testcases.HomePageTest" name="verifyOrderHistory" time="38.066"/>
  <testcase classname="com.testcases.LoginPageTest" name="login" time="0.0">
    <skipped/>
  </testcase> <!-- login -->
  <testcase classname="com.testcases.SearchResultsTest" name="verifySearchProduct" time="10.129"/>
  <testcase classname="com.baseclass.Base" name="@AfterSuite generateReports" time="0.0">
    <ignored/>
  </testcase> <!-- @AfterSuite generateReports -->
  <testcase classname="com.baseclass.Base" name="@BeforeSuite loadConfig" time="0.0">
    <ignored/>
  </testcase> <!-- @BeforeSuite loadConfig -->
  <testcase classname="com.testcases.AddtoCarttest" name="verifyAddTocart" time="0.0">
    <ignored/>
  </testcase> <!-- verifyAddTocart -->
  <testcase classname="com.testcases.EndtoEndTest" name="endToendTest" time="0.0">
    <ignored/>
  </testcase> <!-- endToendTest -->
  <testcase classname="com.baseclass.Base" name="@AfterSuite generateReports" time="0.0">
    <ignored/>
  </testcase> <!-- @AfterSuite generateReports -->
  <testcase classname="com.baseclass.Base" name="@AfterSuite generateReports" time="0.0">
    <ignored/>
  </testcase> <!-- @AfterSuite generateReports -->
  <testcase classname="com.baseclass.Base" name="@BeforeSuite loadConfig" time="0.0">
    <ignored/>
  </testcase> <!-- @BeforeSuite loadConfig -->
  <testcase classname="com.baseclass.Base" name="@BeforeSuite loadConfig" time="0.0">
    <ignored/>
  </testcase> <!-- @BeforeSuite loadConfig -->
  <testcase classname="com.testcases.OrderPageTest" name="verifyOrderPage" time="0.0">
    <ignored/>
  </testcase> <!-- verifyOrderPage -->
  <testcase classname="com.baseclass.Base" name="@BeforeSuite loadConfig" time="0.0">
    <ignored/>
  </testcase> <!-- @BeforeSuite loadConfig -->
  <testcase classname="com.baseclass.Base" name="@BeforeSuite loadConfig" time="0.0">
    <ignored/>
  </testcase> <!-- @BeforeSuite loadConfig -->
  <testcase classname="com.baseclass.Base" name="@AfterSuite generateReports" time="0.0">
    <ignored/>
  </testcase> <!-- @AfterSuite generateReports -->
  <testcase classname="com.baseclass.Base" name="@BeforeSuite loadConfig" time="0.0">
    <ignored/>
  </testcase> <!-- @BeforeSuite loadConfig -->
  <testcase classname="com.baseclass.Base" name="@AfterSuite generateReports" time="0.0">
    <ignored/>
  </testcase> <!-- @AfterSuite generateReports -->
  <testcase classname="com.baseclass.Base" name="@AfterSuite generateReports" time="0.0">
    <ignored/>
  </testcase> <!-- @AfterSuite generateReports -->
</testsuite> <!-- Test -->
