<?xml version="1.0" encoding="UTF-8"?>
<testng-results ignored="15" total="21" passed="6" failed="0" skipped="0">
  <reporter-output>
  </reporter-output>
  <suite started-at="2022-05-17T00:16:28 IST" name="Suite" finished-at="2022-05-17T00:17:44 IST" duration-ms="75460">
    <groups>
      <group name="Sanity">
        <method signature="LoginPageTest.login(java.lang.String,java.lang.String)[pri:0, instance:com.testcases.LoginPageTest@29d80d2b]" name="login" class="com.testcases.LoginPageTest"/>
      </group> <!-- Sanity -->
      <group name="Smoke">
        <method signature="HomePageTest.verifyOrderHistory()[pri:0, instance:com.testcases.HomePageTest@210ab13f]" name="verifyOrderHistory" class="com.testcases.HomePageTest"/>
        <method signature="HomePageTest.verifyWhishList()[pri:0, instance:com.testcases.HomePageTest@210ab13f]" name="verifyWhishList" class="com.testcases.HomePageTest"/>
        <method signature="Indexpagetest.verifyTitle()[pri:0, instance:com.testcases.Indexpagetest@624ea235]" name="verifyTitle" class="com.testcases.Indexpagetest"/>
        <method signature="Indexpagetest.verifylogo()[pri:0, instance:com.testcases.Indexpagetest@624ea235]" name="verifylogo" class="com.testcases.Indexpagetest"/>
        <method signature="LoginPageTest.login(java.lang.String,java.lang.String)[pri:0, instance:com.testcases.LoginPageTest@29d80d2b]" name="login" class="com.testcases.LoginPageTest"/>
        <method signature="SearchResultsTest.verifySearchProduct()[pri:0, instance:com.testcases.SearchResultsTest@7857fe2]" name="verifySearchProduct" class="com.testcases.SearchResultsTest"/>
      </group> <!-- Smoke -->
    </groups>
    <test started-at="2022-05-17T00:16:28 IST" name="Test" finished-at="2022-05-17T00:17:44 IST" duration-ms="75460">
      <class name="com.testcases.LoginPageTest">
        <test-method is-config="true" signature="browsersetup(java.lang.String,org.testng.ITestResult,org.testng.ITestContext)[pri:0, instance:com.testcases.LoginPageTest@29d80d2b]" started-at="2022-05-17T00:17:11 IST" name="browsersetup" finished-at="2022-05-17T00:17:22 IST" duration-ms="10226" status="PASS">
          <params>
            <param index="0">
              <value>
                <![CDATA[chrome]]>
              </value>
            </param>
            <param index="1">
              <value>
                <![CDATA[[TestResult name={null} status=CREATED method=LoginPageTest.login(java.lang.String,java.lang.String)[pri:0, instance:com.testcases.LoginPageTest@29d80d2b] output={null}]]]>
              </value>
            </param>
            <param index="2">
              <value>
                <![CDATA[org.testng.TestRunner@19f040ba]]>
              </value>
            </param>
          </params>
          <reporter-output>
          </reporter-output>
        </test-method> <!-- browsersetup -->
        <test-method signature="login(java.lang.String,java.lang.String)[pri:0, instance:com.testcases.LoginPageTest@29d80d2b]" started-at="2022-05-17T00:17:22 IST" name="login" data-provider="credentials" finished-at="2022-05-17T00:17:43 IST" duration-ms="21195" status="PASS">
          <params>
            <param index="0">
              <value>
                <![CDATA[admin@xyz.com]]>
              </value>
            </param>
            <param index="1">
              <value>
                <![CDATA[admin@123]]>
              </value>
            </param>
          </params>
          <reporter-output>
          </reporter-output>
        </test-method> <!-- login -->
        <test-method is-config="true" signature="tearDown()[pri:0, instance:com.testcases.LoginPageTest@29d80d2b]" started-at="2022-05-17T00:17:43 IST" name="tearDown" finished-at="2022-05-17T00:17:44 IST" duration-ms="444" status="PASS">
          <reporter-output>
          </reporter-output>
        </test-method> <!-- tearDown -->
      </class> <!-- com.testcases.LoginPageTest -->
      <class name="com.testcases.HomePageTest">
        <test-method is-config="true" signature="browsersetup(java.lang.String,org.testng.ITestResult,org.testng.ITestContext)[pri:0, instance:com.testcases.HomePageTest@210ab13f]" started-at="2022-05-17T00:16:46 IST" name="browsersetup" finished-at="2022-05-17T00:17:00 IST" duration-ms="13249" status="PASS">
          <params>
            <param index="0">
              <value>
                <![CDATA[chrome]]>
              </value>
            </param>
            <param index="1">
              <value>
                <![CDATA[[TestResult name={null} status=CREATED method=HomePageTest.verifyOrderHistory()[pri:0, instance:com.testcases.HomePageTest@210ab13f] output={null}]]]>
              </value>
            </param>
            <param index="2">
              <value>
                <![CDATA[org.testng.TestRunner@19f040ba]]>
              </value>
            </param>
          </params>
          <reporter-output>
          </reporter-output>
        </test-method> <!-- browsersetup -->
        <test-method is-config="true" signature="browsersetup(java.lang.String,org.testng.ITestResult,org.testng.ITestContext)[pri:0, instance:com.testcases.HomePageTest@210ab13f]" started-at="2022-05-17T00:16:46 IST" name="browsersetup" finished-at="2022-05-17T00:17:00 IST" duration-ms="13360" status="PASS">
          <params>
            <param index="0">
              <value>
                <![CDATA[chrome]]>
              </value>
            </param>
            <param index="1">
              <value>
                <![CDATA[[TestResult name={null} status=CREATED method=HomePageTest.verifyWhishList()[pri:0, instance:com.testcases.HomePageTest@210ab13f] output={null}]]]>
              </value>
            </param>
            <param index="2">
              <value>
                <![CDATA[org.testng.TestRunner@19f040ba]]>
              </value>
            </param>
          </params>
          <reporter-output>
          </reporter-output>
        </test-method> <!-- browsersetup -->
        <test-method signature="verifyOrderHistory()[pri:0, instance:com.testcases.HomePageTest@210ab13f]" started-at="2022-05-17T00:17:00 IST" name="verifyOrderHistory" finished-at="2022-05-17T00:17:08 IST" duration-ms="8581" status="PASS">
          <reporter-output>
          </reporter-output>
        </test-method> <!-- verifyOrderHistory -->
        <test-method signature="verifyWhishList()[pri:0, instance:com.testcases.HomePageTest@210ab13f]" started-at="2022-05-17T00:17:00 IST" name="verifyWhishList" finished-at="2022-05-17T00:17:09 IST" duration-ms="8842" status="PASS">
          <reporter-output>
          </reporter-output>
        </test-method> <!-- verifyWhishList -->
        <test-method is-config="true" signature="tearDown()[pri:0, instance:com.testcases.HomePageTest@210ab13f]" started-at="2022-05-17T00:17:09 IST" name="tearDown" finished-at="2022-05-17T00:17:09 IST" duration-ms="418" status="PASS">
          <reporter-output>
          </reporter-output>
        </test-method> <!-- tearDown -->
        <test-method is-config="true" signature="tearDown()[pri:0, instance:com.testcases.HomePageTest@210ab13f]" started-at="2022-05-17T00:17:09 IST" name="tearDown" finished-at="2022-05-17T00:17:10 IST" duration-ms="416" status="PASS">
          <reporter-output>
          </reporter-output>
        </test-method> <!-- tearDown -->
      </class> <!-- com.testcases.HomePageTest -->
      <class name="com.testcases.SearchResultsTest">
        <test-method is-config="true" signature="browsersetup(java.lang.String,org.testng.ITestResult,org.testng.ITestContext)[pri:0, instance:com.testcases.SearchResultsTest@7857fe2]" started-at="2022-05-17T00:17:09 IST" name="browsersetup" finished-at="2022-05-17T00:17:21 IST" duration-ms="11657" status="PASS">
          <params>
            <param index="0">
              <value>
                <![CDATA[chrome]]>
              </value>
            </param>
            <param index="1">
              <value>
                <![CDATA[[TestResult name={null} status=CREATED method=SearchResultsTest.verifySearchProduct()[pri:0, instance:com.testcases.SearchResultsTest@7857fe2] output={null}]]]>
              </value>
            </param>
            <param index="2">
              <value>
                <![CDATA[org.testng.TestRunner@19f040ba]]>
              </value>
            </param>
          </params>
          <reporter-output>
          </reporter-output>
        </test-method> <!-- browsersetup -->
        <test-method signature="verifySearchProduct()[pri:0, instance:com.testcases.SearchResultsTest@7857fe2]" started-at="2022-05-17T00:17:21 IST" name="verifySearchProduct" finished-at="2022-05-17T00:17:30 IST" duration-ms="8825" status="PASS">
          <reporter-output>
          </reporter-output>
        </test-method> <!-- verifySearchProduct -->
        <test-method is-config="true" signature="tearDown()[pri:0, instance:com.testcases.SearchResultsTest@7857fe2]" started-at="2022-05-17T00:17:30 IST" name="tearDown" finished-at="2022-05-17T00:17:31 IST" duration-ms="1225" status="PASS">
          <reporter-output>
          </reporter-output>
        </test-method> <!-- tearDown -->
      </class> <!-- com.testcases.SearchResultsTest -->
      <class name="com.testcases.Indexpagetest">
        <test-method is-config="true" signature="loadConfig(org.testng.ITestContext)[pri:0, instance:com.testcases.Indexpagetest@624ea235]" started-at="2022-05-17T00:16:28 IST" name="loadConfig" finished-at="2022-05-17T00:16:28 IST" duration-ms="447" status="PASS">
          <params>
            <param index="0">
              <value>
                <![CDATA[org.testng.TestRunner@19f040ba]]>
              </value>
            </param>
          </params>
          <reporter-output>
          </reporter-output>
        </test-method> <!-- loadConfig -->
        <test-method is-config="true" signature="browsersetup(java.lang.String,org.testng.ITestResult,org.testng.ITestContext)[pri:0, instance:com.testcases.Indexpagetest@624ea235]" started-at="2022-05-17T00:16:28 IST" name="browsersetup" finished-at="2022-05-17T00:16:44 IST" duration-ms="16219" status="PASS">
          <params>
            <param index="0">
              <value>
                <![CDATA[chrome]]>
              </value>
            </param>
            <param index="1">
              <value>
                <![CDATA[[TestResult name={null} status=CREATED method=Indexpagetest.verifyTitle()[pri:0, instance:com.testcases.Indexpagetest@624ea235] output={null}]]]>
              </value>
            </param>
            <param index="2">
              <value>
                <![CDATA[org.testng.TestRunner@19f040ba]]>
              </value>
            </param>
          </params>
          <reporter-output>
          </reporter-output>
        </test-method> <!-- browsersetup -->
        <test-method is-config="true" signature="browsersetup(java.lang.String,org.testng.ITestResult,org.testng.ITestContext)[pri:0, instance:com.testcases.Indexpagetest@624ea235]" started-at="2022-05-17T00:16:28 IST" name="browsersetup" finished-at="2022-05-17T00:16:45 IST" duration-ms="16567" status="PASS">
          <params>
            <param index="0">
              <value>
                <![CDATA[chrome]]>
              </value>
            </param>
            <param index="1">
              <value>
                <![CDATA[[TestResult name={null} status=CREATED method=Indexpagetest.verifylogo()[pri:0, instance:com.testcases.Indexpagetest@624ea235] output={null}]]]>
              </value>
            </param>
            <param index="2">
              <value>
                <![CDATA[org.testng.TestRunner@19f040ba]]>
              </value>
            </param>
          </params>
          <reporter-output>
          </reporter-output>
        </test-method> <!-- browsersetup -->
        <test-method signature="verifyTitle()[pri:0, instance:com.testcases.Indexpagetest@624ea235]" started-at="2022-05-17T00:16:44 IST" name="verifyTitle" finished-at="2022-05-17T00:16:45 IST" duration-ms="168" status="PASS">
          <reporter-output>
          </reporter-output>
        </test-method> <!-- verifyTitle -->
        <test-method signature="verifylogo()[pri:0, instance:com.testcases.Indexpagetest@624ea235]" started-at="2022-05-17T00:16:45 IST" name="verifylogo" finished-at="2022-05-17T00:16:45 IST" duration-ms="175" status="PASS">
          <reporter-output>
          </reporter-output>
        </test-method> <!-- verifylogo -->
        <test-method is-config="true" signature="tearDown()[pri:0, instance:com.testcases.Indexpagetest@624ea235]" started-at="2022-05-17T00:16:46 IST" name="tearDown" finished-at="2022-05-17T00:16:46 IST" duration-ms="907" status="PASS">
          <reporter-output>
          </reporter-output>
        </test-method> <!-- tearDown -->
        <test-method is-config="true" signature="tearDown()[pri:0, instance:com.testcases.Indexpagetest@624ea235]" started-at="2022-05-17T00:16:46 IST" name="tearDown" finished-at="2022-05-17T00:16:46 IST" duration-ms="509" status="PASS">
          <reporter-output>
          </reporter-output>
        </test-method> <!-- tearDown -->
        <test-method is-config="true" signature="generateReports()[pri:0, instance:com.testcases.Indexpagetest@624ea235]" started-at="2022-05-17T00:17:44 IST" name="generateReports" finished-at="2022-05-17T00:17:46 IST" duration-ms="2060" status="PASS">
          <reporter-output>
          </reporter-output>
        </test-method> <!-- generateReports -->
      </class> <!-- com.testcases.Indexpagetest -->
    </test> <!-- Test -->
  </suite> <!-- Suite -->
</testng-results>
